<?xml version="1.0" encoding="UTF-8"?>
<!-- Generated by org.testng.reporters.JUnitXMLReporter -->
<testsuite ignored="0" hostname="milind-Latitude-3420" failures="0" tests="2" name="Default test" time="53.455" errors="0" timestamp="2023-10-16T16:04:28 IST">
  <testcase classname="com.MGS.testCases.CermatiAssigment" name="TC01_Access_Product_via_Applying_Multiple_Filters" time="41.682"/>
  <testcase classname="com.MGS.testCases.CermatiAssigment" name="TC02_Access_Product_via_Search" time="4.957"/>
</testsuite> <!-- Default test -->
