<?xml version="1.0" encoding="UTF-8"?>
<!-- Generated by org.testng.reporters.JUnitXMLReporter -->
<testsuite ignored="0" hostname="milind-Latitude-3420" failures="0" tests="2" name="Test" time="127.717" errors="0" timestamp="2023-10-15T17:08:19 IST">
  <testcase classname="com.MGS.testCases.CermatiAssigment" name="TC01_Access_Product_via_Applying_Multiple_Filters" time="55.127"/>
  <testcase classname="com.MGS.testCases.CermatiAssigment" name="TC02_Access_Product_via_Search" time="5.248"/>
</testsuite> <!-- Test -->
