<?xml version="1.0" encoding="UTF-8"?>
<!-- Generated by org.testng.reporters.JUnitXMLReporter -->
<testsuite ignored="0" hostname="milind-Latitude-3420" failures="2" tests="2" name="Test" time="68.485" errors="0" timestamp="2023-11-13T23:43:41 IST">
  <testcase classname="com.MGS.testCases.CermatiAssigment" name="TC01_Access_Product_via_Applying_Multiple_Filters" time="51.454">
    <failure type="java.lang.AssertionError" message="Failed to click on element [By.xpath: //*[@class=&amp;apos;x-flyout__button&amp;apos;]//*[contains(.,&amp;apos;filters applied&amp;apos;)]] ">
      <![CDATA[java.lang.AssertionError: Failed to click on element [By.xpath: //*[@class='x-flyout__button']//*[contains(.,'filters applied')]] 
at org.junit.Assert.fail(Assert.java:93)
at com.MGS.utilities.AbstractComponent.click(AbstractComponent.java:67)
at com.MGS.pageObjects.SearchAndAccessPage.getPhoneCondtionTagText(SearchAndAccessPage.java:109)
at com.MGS.testCases.CermatiAssigment.TC01_Access_Product_via_Applying_Multiple_Filters(CermatiAssigment.java:37)
at java.base/java.util.ArrayList.forEach(ArrayList.java:1541)
... Removed 31 stack frames]]>
    </failure>
  </testcase> <!-- TC01_Access_Product_via_Applying_Multiple_Filters -->
  <testcase classname="com.MGS.testCases.CermatiAssigment" name="TC02_Access_Product_via_Search" time="5.968">
    <failure type="java.lang.AssertionError">
      <![CDATA[java.lang.AssertionError: 
at com.MGS.testCases.CermatiAssigment.TC02_Access_Product_via_Search(CermatiAssigment.java:62)
at java.base/java.util.ArrayList.forEach(ArrayList.java:1541)
... Removed 34 stack frames]]>
    </failure>
  </testcase> <!-- TC02_Access_Product_via_Search -->
</testsuite> <!-- Test -->
