<?xml version="1.0" encoding="UTF-8"?>
<testng-results ignored="0" total="1" passed="1" failed="0" skipped="0">
  <reporter-output>
  </reporter-output>
  <suite started-at="2023-10-07T01:34:26 IST" name="Suite" finished-at="2023-10-07T01:34:31 IST" duration-ms="5152">
    <groups>
    </groups>
    <test started-at="2023-10-07T01:34:26 IST" name="Test" finished-at="2023-10-07T01:34:31 IST" duration-ms="5152">
      <class name="TestCases.TestClass">
        <test-method signature="main()[pri:0, instance:TestCases.TestClass@25ce9dc4]" started-at="2023-10-07T01:34:26 IST" name="main" finished-at="2023-10-07T01:34:31 IST" duration-ms="5121" status="PASS">
          <reporter-output>
          </reporter-output>
        </test-method> <!-- main -->
      </class> <!-- TestCases.TestClass -->
    </test> <!-- Test -->
  </suite> <!-- Suite -->
</testng-results>
