<?xml version="1.0" encoding="UTF-8"?>
<testng-results ignored="0" total="2" passed="2" failed="0" skipped="0">
  <reporter-output>
  </reporter-output>
  <suite started-at="2023-10-15T18:57:54 IST" name="Suite" finished-at="2023-10-15T19:00:03 IST" duration-ms="129675">
    <groups>
    </groups>
    <test started-at="2023-10-15T18:57:54 IST" name="Test" finished-at="2023-10-15T19:00:03 IST" duration-ms="129675">
      <class name="com.MGS.testCases.CermatiAssigment">
        <test-method is-config="true" signature="initializeWebDriver()[pri:0, instance:com.MGS.testCases.CermatiAssigment@40238dd0]" started-at="2023-10-15T18:57:54 IST" name="initializeWebDriver" finished-at="2023-10-15T18:57:54 IST" duration-ms="35" status="PASS">
          <reporter-output>
          </reporter-output>
        </test-method> <!-- initializeWebDriver -->
        <test-method is-config="true" signature="launchApplication()[pri:0, instance:com.MGS.testCases.CermatiAssigment@40238dd0]" started-at="2023-10-15T18:57:54 IST" name="launchApplication" finished-at="2023-10-15T18:59:00 IST" duration-ms="65892" status="PASS">
          <reporter-output>
          </reporter-output>
        </test-method> <!-- launchApplication -->
        <test-method signature="TC01_Access_Product_via_Applying_Multiple_Filters()[pri:1, instance:com.MGS.testCases.CermatiAssigment@40238dd0]" started-at="2023-10-15T18:59:00 IST" name="TC01_Access_Product_via_Applying_Multiple_Filters" finished-at="2023-10-15T18:59:55 IST" duration-ms="55404" status="PASS">
          <reporter-output>
          </reporter-output>
        </test-method> <!-- TC01_Access_Product_via_Applying_Multiple_Filters -->
        <test-method is-config="true" signature="tearDown()[pri:0, instance:com.MGS.testCases.CermatiAssigment@40238dd0]" started-at="2023-10-15T18:59:55 IST" name="tearDown" finished-at="2023-10-15T18:59:55 IST" duration-ms="103" status="PASS">
          <reporter-output>
          </reporter-output>
        </test-method> <!-- tearDown -->
        <test-method is-config="true" signature="launchApplication()[pri:0, instance:com.MGS.testCases.CermatiAssigment@40238dd0]" started-at="2023-10-15T18:59:55 IST" name="launchApplication" finished-at="2023-10-15T18:59:59 IST" duration-ms="3384" status="PASS">
          <reporter-output>
          </reporter-output>
        </test-method> <!-- launchApplication -->
        <test-method signature="TC02_Access_Product_via_Search()[pri:2, instance:com.MGS.testCases.CermatiAssigment@40238dd0]" started-at="2023-10-15T18:59:59 IST" name="TC02_Access_Product_via_Search" finished-at="2023-10-15T19:00:03 IST" duration-ms="4719" status="PASS">
          <reporter-output>
          </reporter-output>
        </test-method> <!-- TC02_Access_Product_via_Search -->
        <test-method is-config="true" signature="tearDown()[pri:0, instance:com.MGS.testCases.CermatiAssigment@40238dd0]" started-at="2023-10-15T19:00:03 IST" name="tearDown" finished-at="2023-10-15T19:00:03 IST" duration-ms="102" status="PASS">
          <reporter-output>
          </reporter-output>
        </test-method> <!-- tearDown -->
      </class> <!-- com.MGS.testCases.CermatiAssigment -->
    </test> <!-- Test -->
  </suite> <!-- Suite -->
</testng-results>
