<?xml version="1.0" encoding="UTF-8"?>
<testng-results ignored="0" total="2" passed="2" failed="0" skipped="0">
  <reporter-output>
  </reporter-output>
  <suite started-at="2023-10-16T16:03:35 IST" name="Default suite" finished-at="2023-10-16T16:04:28 IST" duration-ms="53455">
    <groups>
    </groups>
    <test started-at="2023-10-16T16:03:35 IST" name="Default test" finished-at="2023-10-16T16:04:28 IST" duration-ms="53455">
      <class name="com.MGS.testCases.CermatiAssigment">
        <test-method is-config="true" signature="initializeWebDriver()[pri:0, instance:com.MGS.testCases.CermatiAssigment@6a4f1a55]" started-at="2023-10-16T16:03:35 IST" name="initializeWebDriver" finished-at="2023-10-16T16:03:35 IST" duration-ms="51" status="PASS">
          <reporter-output>
          </reporter-output>
        </test-method> <!-- initializeWebDriver -->
        <test-method is-config="true" signature="launchApplication()[pri:0, instance:com.MGS.testCases.CermatiAssigment@6a4f1a55]" started-at="2023-10-16T16:03:35 IST" name="launchApplication" finished-at="2023-10-16T16:03:39 IST" duration-ms="3704" status="PASS">
          <reporter-output>
          </reporter-output>
        </test-method> <!-- launchApplication -->
        <test-method signature="TC01_Access_Product_via_Applying_Multiple_Filters()[pri:1, instance:com.MGS.testCases.CermatiAssigment@6a4f1a55]" started-at="2023-10-16T16:03:39 IST" name="TC01_Access_Product_via_Applying_Multiple_Filters" finished-at="2023-10-16T16:04:20 IST" duration-ms="41682" status="PASS">
          <reporter-output>
          </reporter-output>
        </test-method> <!-- TC01_Access_Product_via_Applying_Multiple_Filters -->
        <test-method is-config="true" signature="tearDown()[pri:0, instance:com.MGS.testCases.CermatiAssigment@6a4f1a55]" started-at="2023-10-16T16:04:20 IST" name="tearDown" finished-at="2023-10-16T16:04:20 IST" duration-ms="0" status="PASS">
          <reporter-output>
          </reporter-output>
        </test-method> <!-- tearDown -->
        <test-method is-config="true" signature="launchApplication()[pri:0, instance:com.MGS.testCases.CermatiAssigment@6a4f1a55]" started-at="2023-10-16T16:04:20 IST" name="launchApplication" finished-at="2023-10-16T16:04:23 IST" duration-ms="3027" status="PASS">
          <reporter-output>
          </reporter-output>
        </test-method> <!-- launchApplication -->
        <test-method signature="TC02_Access_Product_via_Search()[pri:2, instance:com.MGS.testCases.CermatiAssigment@6a4f1a55]" started-at="2023-10-16T16:04:23 IST" name="TC02_Access_Product_via_Search" finished-at="2023-10-16T16:04:28 IST" duration-ms="4957" status="PASS">
          <reporter-output>
          </reporter-output>
        </test-method> <!-- TC02_Access_Product_via_Search -->
        <test-method is-config="true" signature="tearDown()[pri:0, instance:com.MGS.testCases.CermatiAssigment@6a4f1a55]" started-at="2023-10-16T16:04:28 IST" name="tearDown" finished-at="2023-10-16T16:04:28 IST" duration-ms="1" status="PASS">
          <reporter-output>
          </reporter-output>
        </test-method> <!-- tearDown -->
      </class> <!-- com.MGS.testCases.CermatiAssigment -->
    </test> <!-- Default test -->
  </suite> <!-- Default suite -->
</testng-results>
