<?xml version="1.0" encoding="UTF-8"?>
<testng-results ignored="0" total="2" passed="2" failed="0" skipped="0">
  <reporter-output>
  </reporter-output>
  <suite started-at="2023-10-15T17:14:58 IST" name="Default suite" finished-at="2023-10-15T17:16:05 IST" duration-ms="66886">
    <groups>
    </groups>
    <test started-at="2023-10-15T17:14:58 IST" name="Default test" finished-at="2023-10-15T17:16:05 IST" duration-ms="66886">
      <class name="com.MGS.testCases.CermatiAssigment">
        <test-method is-config="true" signature="initializeWebDriver()[pri:0, instance:com.MGS.testCases.CermatiAssigment@3aa078fd]" started-at="2023-10-15T17:14:58 IST" name="initializeWebDriver" finished-at="2023-10-15T17:14:59 IST" duration-ms="63" status="PASS">
          <reporter-output>
          </reporter-output>
        </test-method> <!-- initializeWebDriver -->
        <test-method is-config="true" signature="launchApplication()[pri:0, instance:com.MGS.testCases.CermatiAssigment@3aa078fd]" started-at="2023-10-15T17:14:59 IST" name="launchApplication" finished-at="2023-10-15T17:15:03 IST" duration-ms="4351" status="PASS">
          <reporter-output>
          </reporter-output>
        </test-method> <!-- launchApplication -->
        <test-method signature="TC01_Access_Product_via_Applying_Multiple_Filters()[pri:1, instance:com.MGS.testCases.CermatiAssigment@3aa078fd]" started-at="2023-10-15T17:15:03 IST" name="TC01_Access_Product_via_Applying_Multiple_Filters" finished-at="2023-10-15T17:15:58 IST" duration-ms="54839" status="PASS">
          <reporter-output>
          </reporter-output>
        </test-method> <!-- TC01_Access_Product_via_Applying_Multiple_Filters -->
        <test-method is-config="true" signature="tearDown()[pri:0, instance:com.MGS.testCases.CermatiAssigment@3aa078fd]" started-at="2023-10-15T17:15:58 IST" name="tearDown" finished-at="2023-10-15T17:15:58 IST" duration-ms="104" status="PASS">
          <reporter-output>
          </reporter-output>
        </test-method> <!-- tearDown -->
        <test-method is-config="true" signature="launchApplication()[pri:0, instance:com.MGS.testCases.CermatiAssigment@3aa078fd]" started-at="2023-10-15T17:15:58 IST" name="launchApplication" finished-at="2023-10-15T17:16:00 IST" duration-ms="2447" status="PASS">
          <reporter-output>
          </reporter-output>
        </test-method> <!-- launchApplication -->
        <test-method signature="TC02_Access_Product_via_Search()[pri:2, instance:com.MGS.testCases.CermatiAssigment@3aa078fd]" started-at="2023-10-15T17:16:00 IST" name="TC02_Access_Product_via_Search" finished-at="2023-10-15T17:16:05 IST" duration-ms="4948" status="PASS">
          <reporter-output>
          </reporter-output>
        </test-method> <!-- TC02_Access_Product_via_Search -->
        <test-method is-config="true" signature="tearDown()[pri:0, instance:com.MGS.testCases.CermatiAssigment@3aa078fd]" started-at="2023-10-15T17:16:05 IST" name="tearDown" finished-at="2023-10-15T17:16:05 IST" duration-ms="101" status="PASS">
          <reporter-output>
          </reporter-output>
        </test-method> <!-- tearDown -->
      </class> <!-- com.MGS.testCases.CermatiAssigment -->
    </test> <!-- Default test -->
  </suite> <!-- Default suite -->
</testng-results>
